{
"contracts/Funding.sol":{"l":{"11":13,"12":13,"13":13,"20":3,"21":1,"25":14,"26":12,"30":1,"31":1,"35":3,"36":1,"40":5,"41":3,"45":1,"46":1,"48":1,"49":1,"53":4,"57":1,"58":1,"63":21,"67":12,"68":12,"69":12},"path":"/Users/denisputnam/git/mi4-exercise5/contracts/Funding.sol","s":{"1":13,"2":13,"3":13,"4":3,"5":14,"6":1,"7":3,"8":5,"9":1,"10":1,"11":1,"12":1,"13":4,"14":1,"15":1,"16":21,"17":12,"18":12,"19":12},"b":{"1":[1,2],"2":[12,2],"3":[1,0],"4":[1,2],"5":[3,2],"6":[1,0]},"f":{"1":13,"2":3,"3":14,"4":1,"5":3,"6":5,"7":1,"8":4,"9":1,"10":21,"11":12},"fnMap":{"1":{"name":"constructor","line":10,"loc":{"start":{"line":10,"column":4},"end":{"line":10,"column":48}}},"2":{"name":"onlyOwner","line":19,"loc":{"start":{"line":19,"column":4},"end":{"line":19,"column":22}}},"3":{"name":"onlyNotFinished","line":24,"loc":{"start":{"line":24,"column":4},"end":{"line":24,"column":28}}},"4":{"name":"onlyFunded","line":29,"loc":{"start":{"line":29,"column":4},"end":{"line":29,"column":23}}},"5":{"name":"onlyNotFunded","line":34,"loc":{"start":{"line":34,"column":4},"end":{"line":34,"column":26}}},"6":{"name":"onlyFinished","line":39,"loc":{"start":{"line":39,"column":4},"end":{"line":39,"column":25}}},"7":{"name":"refund","line":44,"loc":{"start":{"line":44,"column":4},"end":{"line":44,"column":57}}},"8":{"name":"isFunded","line":52,"loc":{"start":{"line":52,"column":4},"end":{"line":52,"column":48}}},"9":{"name":"withdraw","line":56,"loc":{"start":{"line":56,"column":4},"end":{"line":56,"column":53}}},"10":{"name":"isFinished","line":62,"loc":{"start":{"line":62,"column":4},"end":{"line":62,"column":50}}},"11":{"name":"donate","line":66,"loc":{"start":{"line":66,"column":4},"end":{"line":66,"column":50}}}},"statementMap":{"1":{"start":{"line":11,"column":8},"end":{"line":11,"column":25}},"2":{"start":{"line":12,"column":8},"end":{"line":12,"column":35}},"3":{"start":{"line":13,"column":8},"end":{"line":13,"column":19}},"4":{"start":{"line":20,"column":8},"end":{"line":20,"column":60}},"5":{"start":{"line":25,"column":8},"end":{"line":25,"column":64}},"6":{"start":{"line":30,"column":8},"end":{"line":30,"column":40}},"7":{"start":{"line":35,"column":8},"end":{"line":35,"column":49}},"8":{"start":{"line":40,"column":8},"end":{"line":40,"column":57}},"9":{"start":{"line":45,"column":8},"end":{"line":45,"column":42}},"10":{"start":{"line":46,"column":8},"end":{"line":46,"column":59}},"11":{"start":{"line":48,"column":8},"end":{"line":48,"column":31}},"12":{"start":{"line":49,"column":8},"end":{"line":49,"column":34}},"13":{"start":{"line":53,"column":8},"end":{"line":53,"column":29}},"14":{"start":{"line":57,"column":8},"end":{"line":57,"column":60}},"15":{"start":{"line":58,"column":8},"end":{"line":58,"column":44}},"16":{"start":{"line":63,"column":8},"end":{"line":63,"column":32}},"17":{"start":{"line":67,"column":8},"end":{"line":67,"column":46}},"18":{"start":{"line":68,"column":8},"end":{"line":68,"column":40}},"19":{"start":{"line":69,"column":8},"end":{"line":69,"column":26}}},"branchMap":{"1":{"line":20,"type":"if","locations":[{"start":{"line":20,"column":8},"end":{"line":20,"column":8}},{"start":{"line":20,"column":8},"end":{"line":20,"column":8}}]},"2":{"line":25,"type":"if","locations":[{"start":{"line":25,"column":8},"end":{"line":25,"column":8}},{"start":{"line":25,"column":8},"end":{"line":25,"column":8}}]},"3":{"line":30,"type":"if","locations":[{"start":{"line":30,"column":8},"end":{"line":30,"column":8}},{"start":{"line":30,"column":8},"end":{"line":30,"column":8}}]},"4":{"line":35,"type":"if","locations":[{"start":{"line":35,"column":8},"end":{"line":35,"column":8}},{"start":{"line":35,"column":8},"end":{"line":35,"column":8}}]},"5":{"line":40,"type":"if","locations":[{"start":{"line":40,"column":8},"end":{"line":40,"column":8}},{"start":{"line":40,"column":8},"end":{"line":40,"column":8}}]},"6":{"line":46,"type":"if","locations":[{"start":{"line":46,"column":8},"end":{"line":46,"column":8}},{"start":{"line":46,"column":8},"end":{"line":46,"column":8}}]}}}}
