TN:
SF:/Users/denisputnam/git/mi4-exercise5/contracts/Funding.sol
FN:10,constructor
FN:19,onlyOwner
FN:24,onlyNotFinished
FN:29,onlyFunded
FN:34,onlyNotFunded
FN:39,onlyFinished
FN:44,refund
FN:52,isFunded
FN:56,withdraw
FN:62,isFinished
FN:66,donate
FNF:11
FNH:11
FNDA:13,constructor
FNDA:3,onlyOwner
FNDA:14,onlyNotFinished
FNDA:1,onlyFunded
FNDA:3,onlyNotFunded
FNDA:5,onlyFinished
FNDA:1,refund
FNDA:4,isFunded
FNDA:1,withdraw
FNDA:21,isFinished
FNDA:12,donate
DA:11,13
DA:12,13
DA:13,13
DA:20,3
DA:21,1
DA:25,14
DA:26,12
DA:30,1
DA:31,1
DA:35,3
DA:36,1
DA:40,5
DA:41,3
DA:45,1
DA:46,1
DA:48,1
DA:49,1
DA:53,4
DA:57,1
DA:58,1
DA:63,21
DA:67,12
DA:68,12
DA:69,12
LF:24
LH:24
BRDA:20,1,0,1
BRDA:20,1,1,2
BRDA:25,2,0,12
BRDA:25,2,1,2
BRDA:30,3,0,1
BRDA:30,3,1,0
BRDA:35,4,0,1
BRDA:35,4,1,2
BRDA:40,5,0,3
BRDA:40,5,1,2
BRDA:46,6,0,1
BRDA:46,6,1,0
BRF:12
BRH:10
end_of_record
